15:22:47 **** Incremental Build of configuration Debug for project Sensorkort ****
make -j8 all 
arm-none-eabi-size   Sensorkort.elf 
   text	   data	    bss	    dec	    hex	filename
  21688	     24	   2152	  23864	   5d38	Sensorkort.elf
Finished building: default.size.stdout
 
15:22:59 **** Incremental Build of configuration Debug for project Sensorkort ****
make -j8 all 
arm-none-eabi-size   Sensorkort.elf 
   text	   data	    bss	    dec	    hex	filename
  21688	     24	   2152	  23864	   5d38	Sensorkort.elf
Finished building: default.size.stdout
 
15:39:23 **** Incremental Build of configuration Debug for project Sensorkort ****
make -j8 all 
arm-none-eabi-size   Sensorkort.elf 
   text	   data	    bss	    dec	    hex	filename
  21688	     24	   2152	  23864	   5d38	Sensorkort.elf
Finished building: default.size.stdout
 
15:59:28 **** Incremental Build of configuration Debug for project Sensorkort ****
make -j8 all 
arm-none-eabi-size   Sensorkort.elf 
   text	   data	    bss	    dec	    hex	filename
  21688	     24	   2152	  23864	   5d38	Sensorkort.elf
Finished building: default.size.stdout
 
